<?xml version="1.0" encoding="UTF-8"?>
<testng-results skipped="0" failed="0" ignored="0" total="1" passed="1">
  <reporter-output>
  </reporter-output>
  <suite name="Default suite" duration-ms="3013" started-at="2021-05-11T04:59:11Z" finished-at="2021-05-11T04:59:14Z">
    <groups>
    </groups>
    <test name="Default test" duration-ms="3013" started-at="2021-05-11T04:59:11Z" finished-at="2021-05-11T04:59:14Z">
      <class name="IBM.Assignment_SDET.testCase2">
        <test-method status="PASS" signature="f()[pri:0, instance:IBM.Assignment_SDET.testCase2@51e5fc98]" name="f" duration-ms="2975" started-at="2021-05-11T04:59:11Z" finished-at="2021-05-11T04:59:14Z">
          <reporter-output>
          </reporter-output>
        </test-method> <!-- f -->
      </class> <!-- IBM.Assignment_SDET.testCase2 -->
    </test> <!-- Default test -->
  </suite> <!-- Default suite -->
</testng-results>
